<?xml version="1.0" encoding="UTF-8"?>
<!-- Generated by org.testng.reporters.JUnitReportReporter -->
<testsuite hostname="DESKTOP-9E5A4CC" name="RegressionTest.MobilePriceCheck" tests="2" failures="0" timestamp="27 Aug 2020 15:55:19 GMT" time="31.659" errors="0">
  <testcase name="getMobilePriceDetails" time="15.564" classname="RegressionTest.MobilePriceCheck"/>
  <testcase name="getMobilePriceDetails" time="16.095" classname="RegressionTest.MobilePriceCheck"/>
</testsuite> <!-- RegressionTest.MobilePriceCheck -->
