<?xml version="1.0" encoding="UTF-8"?>
<!-- Generated by org.testng.reporters.JUnitReportReporter -->
<testsuite hostname="DESKTOP-9E5A4CC" name="RegressionTest.MobilePriceCheck" tests="2" failures="0" timestamp="27 Aug 2020 20:38:25 GMT" time="32.132" errors="0">
  <testcase name="getMobilePriceDetails" time="17.346" classname="RegressionTest.MobilePriceCheck"/>
  <testcase name="getMobilePriceDetails" time="14.786" classname="RegressionTest.MobilePriceCheck"/>
</testsuite> <!-- RegressionTest.MobilePriceCheck -->
